<?xml version="1.0" encoding="UTF-8"?>
<testsuite name="TestSuite" time="13.922" tests="1" errors="0" skipped="0" failures="1">
  <properties>
[...]
</properties>
  <testcase name="run" classname="br.com.brq.teste.LogaItau" time="13.922">
    <failure message="Element &lt;a class=&quot;tecla left campoTeclado&quot; href=&quot;javascript:;&quot;&gt; is not clickable at point (597,144.5) because another element &lt;div class=&quot;blockUI blockOverlay&quot;&gt; obscures it&#10;Build info: version: &apos;3.4.0&apos;, revision: &apos;unknown&apos;, time: &apos;unknown&apos;&#10;System info: host: &apos;NBBV027452&apos;, ip: &apos;10.2.71.120&apos;, os.name: &apos;Windows 10&apos;, os.arch: &apos;amd64&apos;, os.version: &apos;10.0&apos;, java.version: &apos;1.8.0_151&apos;&#10;Driver info: org.openqa.selenium.firefox.FirefoxDriver&#10;Capabilities [{moz:profile=C:\Users\matheussouza\AppData\Local\Temp\rust_mozprofile.8JNKHAzaNtAH, rotatable=false, timeouts={implicit=0.0, pageLoad=300000.0, script=30000.0}, pageLoadStrategy=normal, moz:headless=false, platform=ANY, moz:accessibilityChecks=false, moz:useNonSpecCompliantPointerOrigin=false, acceptInsecureCerts=false, browserVersion=61.0.1, platformVersion=10.0, moz:processID=14036.0, browserName=firefox, javascriptEnabled=true, platformName=windows_nt, moz:webdriverClick=true}]&#10;Session ID: 5c3a8a6b-61e4-4ef4-947c-3528c80ed49d" type="org.openqa.selenium.WebDriverException"><![CDATA[org.openqa.selenium.WebDriverException: Element <a class="tecla left campoTeclado" href="javascript:;"> is not clickable at point (597,144.5) because another element <div class="blockUI blockOverlay"> obscures it
Build info: version: '3.4.0', revision: 'unknown', time: 'unknown'
System info: host: 'NBBV027452', ip: '10.2.71.120', os.name: 'Windows 10', os.arch: 'amd64', os.version: '10.0', java.version: '1.8.0_151'
Driver info: org.openqa.selenium.firefox.FirefoxDriver
Capabilities [{moz:profile=C:\Users\matheussouza\AppData\Local\Temp\rust_mozprofile.8JNKHAzaNtAH, rotatable=false, timeouts={implicit=0.0, pageLoad=300000.0, script=30000.0}, pageLoadStrategy=normal, moz:headless=false, platform=ANY, moz:accessibilityChecks=false, moz:useNonSpecCompliantPointerOrigin=false, acceptInsecureCerts=false, browserVersion=61.0.1, platformVersion=10.0, moz:processID=14036.0, browserName=firefox, javascriptEnabled=true, platformName=windows_nt, moz:webdriverClick=true}]
Session ID: 5c3a8a6b-61e4-4ef4-947c-3528c80ed49d
	at sun.reflect.NativeConstructorAccessorImpl.newInstance0(Native Method)
	at sun.reflect.NativeConstructorAccessorImpl.newInstance(NativeConstructorAccessorImpl.java:62)
	at sun.reflect.DelegatingConstructorAccessorImpl.newInstance(DelegatingConstructorAccessorImpl.java:45)
	at java.lang.reflect.Constructor.newInstance(Constructor.java:423)
	at org.openqa.selenium.remote.http.W3CHttpResponseCodec.createException(W3CHttpResponseCodec.java:150)
	at org.openqa.selenium.remote.http.W3CHttpResponseCodec.decode(W3CHttpResponseCodec.java:115)
	at org.openqa.selenium.remote.http.W3CHttpResponseCodec.decode(W3CHttpResponseCodec.java:45)
	at org.openqa.selenium.remote.HttpCommandExecutor.execute(HttpCommandExecutor.java:164)
	at org.openqa.selenium.remote.service.DriverCommandExecutor.execute(DriverCommandExecutor.java:82)
	at org.openqa.selenium.remote.RemoteWebDriver.execute(RemoteWebDriver.java:637)
	at org.openqa.selenium.remote.RemoteWebElement.execute(RemoteWebElement.java:272)
	at org.openqa.selenium.remote.RemoteWebElement.click(RemoteWebElement.java:82)
	at br.com.brq.ElementoWebUtils.click(ElementoWebUtils.java:107)
	at br.com.brq.ElementoWebUtils.elementoWebClica(ElementoWebUtils.java:204)
	at br.com.brq.pom.TelaDeLogin.preencheSenha(TelaDeLogin.java:47)
	at br.com.brq.teste.LogaItau.run(LogaItau.java:39)
]]></failure>
    <system-out><![CDATA[SENHA   >>>>>> 1
]]></system-out>
    <system-err><![CDATA[1531941834522	geckodriver	INFO	geckodriver 0.21.0
1531941834530	geckodriver	INFO	Listening on 127.0.0.1:45267
1531941835124	mozrunner::runner	INFO	Running command: "C:\\Program Files\\Mozilla Firefox\\firefox.exe" "-marionette" "-foreground" "-no-remote" "-profile" "C:\\Users\\MATHEU~1\\AppData\\Local\\Temp\\rust_mozprofile.8JNKHAzaNtAH"
1531941839482	Marionette	INFO	Listening on port 57285
jul 18, 2018 4:23:59 PM org.openqa.selenium.remote.ProtocolHandshake createSession
INFORMAÇÕES: Detected dialect: W3C
Unable to read VR Path Registry from C:\Users\matheussouza\AppData\Local\openvr\openvrpaths.vrpath
JavaScript warning: https://estatico.itau.com.br/ibanking/distribution/seguranca/1.2.13/seguranca.js, line 1: unreachable code after return statement
]]></system-err>
  </testcase>
</testsuite>